[2023-03-17 05:45:24,300] {manager.py:474} INFO - Processing files using up to 2 processes at a time 
[2023-03-17 05:45:24,301] {manager.py:475} INFO - Process each file at most once every 30 seconds
[2023-03-17 05:45:24,304] {manager.py:477} INFO - Checking for new files in /opt/airflow/dags every 300 seconds
[2023-03-17 05:45:24,305] {manager.py:684} INFO - Searching for files in /opt/airflow/dags
[2023-03-17 05:45:24,308] {manager.py:687} INFO - There are 0 files in /opt/airflow/dags
[2023-03-17 05:50:25,148] {manager.py:684} INFO - Searching for files in /opt/airflow/dags
[2023-03-17 05:50:25,173] {manager.py:687} INFO - There are 0 files in /opt/airflow/dags
[2023-03-17 05:55:25,902] {manager.py:684} INFO - Searching for files in /opt/airflow/dags
[2023-03-17 05:55:26,006] {manager.py:687} INFO - There are 0 files in /opt/airflow/dags
[2023-03-17 06:00:26,651] {manager.py:684} INFO - Searching for files in /opt/airflow/dags
[2023-03-17 06:00:26,676] {manager.py:687} INFO - There are 0 files in /opt/airflow/dags
[2023-03-17 06:05:27,418] {manager.py:684} INFO - Searching for files in /opt/airflow/dags
[2023-03-17 06:05:27,424] {manager.py:687} INFO - There are 0 files in /opt/airflow/dags
[2023-03-17 06:10:28,002] {manager.py:684} INFO - Searching for files in /opt/airflow/dags
[2023-03-17 06:10:28,013] {manager.py:687} INFO - There are 0 files in /opt/airflow/dags
[2023-03-17 06:15:28,662] {manager.py:684} INFO - Searching for files in /opt/airflow/dags
[2023-03-17 06:15:28,675] {manager.py:687} INFO - There are 0 files in /opt/airflow/dags
[2023-03-17 06:20:29,421] {manager.py:684} INFO - Searching for files in /opt/airflow/dags
[2023-03-17 06:20:29,457] {manager.py:687} INFO - There are 0 files in /opt/airflow/dags
[2023-03-17 06:25:30,411] {manager.py:684} INFO - Searching for files in /opt/airflow/dags
[2023-03-17 06:25:30,433] {manager.py:687} INFO - There are 0 files in /opt/airflow/dags
[2023-03-17 06:30:31,414] {manager.py:684} INFO - Searching for files in /opt/airflow/dags
[2023-03-17 06:30:31,440] {manager.py:687} INFO - There are 0 files in /opt/airflow/dags
[2023-03-17 06:35:31,414] {manager.py:684} INFO - Searching for files in /opt/airflow/dags
[2023-03-17 06:35:31,438] {manager.py:687} INFO - There are 0 files in /opt/airflow/dags
[2023-03-17 06:54:30,233] {manager.py:684} INFO - Searching for files in /opt/airflow/dags
[2023-03-17 06:54:30,254] {manager.py:687} INFO - There are 0 files in /opt/airflow/dags
[2023-03-17 07:00:27,831] {manager.py:684} INFO - Searching for files in /opt/airflow/dags
[2023-03-17 07:00:27,851] {manager.py:687} INFO - There are 0 files in /opt/airflow/dags
[2023-03-17 07:06:52,214] {manager.py:684} INFO - Searching for files in /opt/airflow/dags
[2023-03-17 07:06:52,241] {manager.py:687} INFO - There are 0 files in /opt/airflow/dags
[2023-03-17 07:08:51,440] {manager.py:455} INFO - Exiting gracefully upon receiving signal 15
[2023-03-22 03:40:18,546] {manager.py:474} INFO - Processing files using up to 2 processes at a time 
[2023-03-22 03:40:18,547] {manager.py:475} INFO - Process each file at most once every 30 seconds
[2023-03-22 03:40:18,549] {manager.py:477} INFO - Checking for new files in /opt/airflow/dags every 300 seconds
[2023-03-22 03:40:18,551] {manager.py:684} INFO - Searching for files in /opt/airflow/dags
[2023-03-22 03:40:18,555] {manager.py:687} INFO - There are 0 files in /opt/airflow/dags
[2023-03-22 03:45:19,213] {manager.py:684} INFO - Searching for files in /opt/airflow/dags
[2023-03-22 03:45:19,249] {manager.py:687} INFO - There are 0 files in /opt/airflow/dags
[2023-03-22 03:50:19,853] {manager.py:684} INFO - Searching for files in /opt/airflow/dags
[2023-03-22 03:50:19,880] {manager.py:687} INFO - There are 0 files in /opt/airflow/dags
[2023-03-22 03:55:20,416] {manager.py:684} INFO - Searching for files in /opt/airflow/dags
[2023-03-22 03:55:20,441] {manager.py:687} INFO - There are 0 files in /opt/airflow/dags
[2023-03-22 04:00:21,048] {manager.py:684} INFO - Searching for files in /opt/airflow/dags
[2023-03-22 04:00:21,075] {manager.py:687} INFO - There are 0 files in /opt/airflow/dags
[2023-03-22 04:05:21,683] {manager.py:684} INFO - Searching for files in /opt/airflow/dags
[2023-03-22 04:05:21,710] {manager.py:687} INFO - There are 0 files in /opt/airflow/dags
[2023-03-22 04:10:22,361] {manager.py:684} INFO - Searching for files in /opt/airflow/dags
[2023-03-22 04:10:22,393] {manager.py:687} INFO - There are 0 files in /opt/airflow/dags
[2023-03-22 04:15:23,031] {manager.py:684} INFO - Searching for files in /opt/airflow/dags
[2023-03-22 04:15:23,087] {manager.py:687} INFO - There are 0 files in /opt/airflow/dags
[2023-03-22 04:20:23,637] {manager.py:684} INFO - Searching for files in /opt/airflow/dags
[2023-03-22 04:20:23,659] {manager.py:687} INFO - There are 0 files in /opt/airflow/dags
[2023-03-22 04:25:24,297] {manager.py:684} INFO - Searching for files in /opt/airflow/dags
[2023-03-22 04:25:24,324] {manager.py:687} INFO - There are 0 files in /opt/airflow/dags
[2023-03-22 04:30:24,938] {manager.py:684} INFO - Searching for files in /opt/airflow/dags
[2023-03-22 04:30:24,961] {manager.py:687} INFO - There are 0 files in /opt/airflow/dags
[2023-03-22 04:35:25,560] {manager.py:684} INFO - Searching for files in /opt/airflow/dags
[2023-03-22 04:35:25,587] {manager.py:687} INFO - There are 0 files in /opt/airflow/dags
[2023-03-22 04:40:26,258] {manager.py:684} INFO - Searching for files in /opt/airflow/dags
[2023-03-22 04:40:26,368] {manager.py:687} INFO - There are 0 files in /opt/airflow/dags
[2023-03-22 04:45:27,024] {manager.py:684} INFO - Searching for files in /opt/airflow/dags
[2023-03-22 04:45:27,054] {manager.py:687} INFO - There are 0 files in /opt/airflow/dags
[2023-03-22 04:50:27,658] {manager.py:684} INFO - Searching for files in /opt/airflow/dags
[2023-03-22 04:50:27,681] {manager.py:687} INFO - There are 0 files in /opt/airflow/dags
[2023-03-22 04:55:28,488] {manager.py:684} INFO - Searching for files in /opt/airflow/dags
[2023-03-22 04:55:28,508] {manager.py:687} INFO - There are 0 files in /opt/airflow/dags
[2023-03-22 05:00:28,723] {manager.py:684} INFO - Searching for files in /opt/airflow/dags
[2023-03-22 05:00:28,740] {manager.py:687} INFO - There are 0 files in /opt/airflow/dags
[2023-03-22 05:05:28,915] {manager.py:684} INFO - Searching for files in /opt/airflow/dags
[2023-03-22 05:05:28,934] {manager.py:687} INFO - There are 0 files in /opt/airflow/dags
[2023-03-22 05:10:29,115] {manager.py:684} INFO - Searching for files in /opt/airflow/dags
[2023-03-22 05:10:29,132] {manager.py:687} INFO - There are 0 files in /opt/airflow/dags
[2023-03-22 05:15:29,175] {manager.py:684} INFO - Searching for files in /opt/airflow/dags
[2023-03-22 05:15:29,194] {manager.py:687} INFO - There are 0 files in /opt/airflow/dags
[2023-03-22 05:20:29,423] {manager.py:684} INFO - Searching for files in /opt/airflow/dags
[2023-03-22 05:20:29,440] {manager.py:687} INFO - There are 0 files in /opt/airflow/dags
[2023-03-22 05:25:29,644] {manager.py:684} INFO - Searching for files in /opt/airflow/dags
[2023-03-22 05:25:29,662] {manager.py:687} INFO - There are 0 files in /opt/airflow/dags
[2023-03-22 05:30:29,859] {manager.py:684} INFO - Searching for files in /opt/airflow/dags
[2023-03-22 05:30:29,879] {manager.py:687} INFO - There are 0 files in /opt/airflow/dags
[2023-03-22 05:35:30,002] {manager.py:684} INFO - Searching for files in /opt/airflow/dags
[2023-03-22 05:35:30,021] {manager.py:687} INFO - There are 0 files in /opt/airflow/dags
[2023-03-22 05:40:30,127] {manager.py:684} INFO - Searching for files in /opt/airflow/dags
[2023-03-22 05:40:30,147] {manager.py:687} INFO - There are 0 files in /opt/airflow/dags
[2023-03-22 05:45:30,308] {manager.py:684} INFO - Searching for files in /opt/airflow/dags
[2023-03-22 05:45:30,326] {manager.py:687} INFO - There are 0 files in /opt/airflow/dags
[2023-03-22 05:50:30,409] {manager.py:684} INFO - Searching for files in /opt/airflow/dags
[2023-03-22 05:50:30,427] {manager.py:687} INFO - There are 0 files in /opt/airflow/dags
[2023-03-22 05:55:30,575] {manager.py:684} INFO - Searching for files in /opt/airflow/dags
[2023-03-22 05:55:30,594] {manager.py:687} INFO - There are 0 files in /opt/airflow/dags
[2023-03-22 06:00:30,762] {manager.py:684} INFO - Searching for files in /opt/airflow/dags
[2023-03-22 06:00:30,779] {manager.py:687} INFO - There are 0 files in /opt/airflow/dags
[2023-03-22 06:05:30,937] {manager.py:684} INFO - Searching for files in /opt/airflow/dags
[2023-03-22 06:05:30,955] {manager.py:687} INFO - There are 0 files in /opt/airflow/dags
[2023-03-22 06:10:31,165] {manager.py:684} INFO - Searching for files in /opt/airflow/dags
[2023-03-22 06:10:31,311] {manager.py:687} INFO - There are 0 files in /opt/airflow/dags
[2023-03-22 06:15:31,528] {manager.py:684} INFO - Searching for files in /opt/airflow/dags
[2023-03-22 06:15:31,545] {manager.py:687} INFO - There are 0 files in /opt/airflow/dags
[2023-03-22 06:20:32,227] {manager.py:684} INFO - Searching for files in /opt/airflow/dags
[2023-03-22 06:20:32,253] {manager.py:687} INFO - There are 0 files in /opt/airflow/dags
[2023-03-22 06:25:32,881] {manager.py:684} INFO - Searching for files in /opt/airflow/dags
[2023-03-22 06:25:32,909] {manager.py:687} INFO - There are 0 files in /opt/airflow/dags
[2023-03-22 06:30:33,485] {manager.py:684} INFO - Searching for files in /opt/airflow/dags
[2023-03-22 06:30:33,505] {manager.py:687} INFO - There are 0 files in /opt/airflow/dags
[2023-03-22 06:35:34,107] {manager.py:684} INFO - Searching for files in /opt/airflow/dags
[2023-03-22 06:35:34,119] {manager.py:687} INFO - There are 0 files in /opt/airflow/dags
[2023-03-22 06:40:34,768] {manager.py:684} INFO - Searching for files in /opt/airflow/dags
[2023-03-22 06:40:34,895] {manager.py:687} INFO - There are 0 files in /opt/airflow/dags
[2023-03-22 06:45:35,531] {manager.py:684} INFO - Searching for files in /opt/airflow/dags
[2023-03-22 06:45:35,554] {manager.py:687} INFO - There are 0 files in /opt/airflow/dags
[2023-03-22 07:07:20,690] {manager.py:684} INFO - Searching for files in /opt/airflow/dags
[2023-03-22 07:07:20,711] {manager.py:687} INFO - There are 0 files in /opt/airflow/dags
[2023-03-22 08:13:14,448] {manager.py:684} INFO - Searching for files in /opt/airflow/dags
[2023-03-22 08:13:14,477] {manager.py:687} INFO - There are 0 files in /opt/airflow/dags
[2023-03-22 08:59:38,173] {manager.py:684} INFO - Searching for files in /opt/airflow/dags
[2023-03-22 08:59:38,190] {manager.py:687} INFO - There are 0 files in /opt/airflow/dags
[2023-03-22 10:06:16,166] {manager.py:684} INFO - Searching for files in /opt/airflow/dags
[2023-03-22 10:06:16,180] {manager.py:687} INFO - There are 0 files in /opt/airflow/dags
[2023-03-22 11:30:20,251] {manager.py:684} INFO - Searching for files in /opt/airflow/dags
[2023-03-22 11:30:20,284] {manager.py:687} INFO - There are 0 files in /opt/airflow/dags
[2023-03-22 12:19:56,331] {manager.py:684} INFO - Searching for files in /opt/airflow/dags
[2023-03-22 12:19:56,343] {manager.py:687} INFO - There are 0 files in /opt/airflow/dags
[2023-03-22 13:16:09,317] {manager.py:684} INFO - Searching for files in /opt/airflow/dags
[2023-03-22 13:16:09,330] {manager.py:687} INFO - There are 0 files in /opt/airflow/dags
[2023-03-22 13:32:28,678] {manager.py:684} INFO - Searching for files in /opt/airflow/dags
[2023-03-22 13:32:28,697] {manager.py:687} INFO - There are 0 files in /opt/airflow/dags
[2023-03-22 14:34:11,686] {manager.py:684} INFO - Searching for files in /opt/airflow/dags
[2023-03-22 14:34:11,706] {manager.py:687} INFO - There are 0 files in /opt/airflow/dags
[2023-03-22 14:39:11,986] {manager.py:684} INFO - Searching for files in /opt/airflow/dags
[2023-03-22 14:39:12,012] {manager.py:687} INFO - There are 0 files in /opt/airflow/dags
[2023-03-22 14:44:12,686] {manager.py:684} INFO - Searching for files in /opt/airflow/dags
[2023-03-22 14:44:12,710] {manager.py:687} INFO - There are 0 files in /opt/airflow/dags
[2023-03-22 14:49:13,550] {manager.py:684} INFO - Searching for files in /opt/airflow/dags
[2023-03-22 14:49:13,577] {manager.py:687} INFO - There are 0 files in /opt/airflow/dags
[2023-03-22 14:54:14,517] {manager.py:684} INFO - Searching for files in /opt/airflow/dags
[2023-03-22 14:54:14,545] {manager.py:687} INFO - There are 0 files in /opt/airflow/dags
[2023-03-22 14:59:15,314] {manager.py:684} INFO - Searching for files in /opt/airflow/dags
[2023-03-22 14:59:15,340] {manager.py:687} INFO - There are 0 files in /opt/airflow/dags
[2023-03-22 15:04:16,263] {manager.py:684} INFO - Searching for files in /opt/airflow/dags
[2023-03-22 15:04:16,291] {manager.py:687} INFO - There are 0 files in /opt/airflow/dags
[2023-03-22 15:09:17,178] {manager.py:684} INFO - Searching for files in /opt/airflow/dags
[2023-03-22 15:09:17,205] {manager.py:687} INFO - There are 0 files in /opt/airflow/dags
[2023-03-22 15:14:18,012] {manager.py:684} INFO - Searching for files in /opt/airflow/dags
[2023-03-22 15:14:18,041] {manager.py:687} INFO - There are 0 files in /opt/airflow/dags
[2023-03-22 15:19:18,828] {manager.py:684} INFO - Searching for files in /opt/airflow/dags
[2023-03-22 15:19:18,858] {manager.py:687} INFO - There are 0 files in /opt/airflow/dags
[2023-03-22 15:24:19,810] {manager.py:684} INFO - Searching for files in /opt/airflow/dags
[2023-03-22 15:24:19,849] {manager.py:687} INFO - There are 0 files in /opt/airflow/dags
[2023-03-22 15:29:20,662] {manager.py:684} INFO - Searching for files in /opt/airflow/dags
[2023-03-22 15:29:20,697] {manager.py:687} INFO - There are 0 files in /opt/airflow/dags
[2023-03-22 15:34:20,673] {manager.py:684} INFO - Searching for files in /opt/airflow/dags
[2023-03-22 15:34:20,706] {manager.py:687} INFO - There are 0 files in /opt/airflow/dags
[2023-03-22 15:39:21,584] {manager.py:684} INFO - Searching for files in /opt/airflow/dags
[2023-03-22 15:39:21,614] {manager.py:687} INFO - There are 0 files in /opt/airflow/dags
[2023-03-22 15:44:22,450] {manager.py:684} INFO - Searching for files in /opt/airflow/dags
[2023-03-22 15:44:22,475] {manager.py:687} INFO - There are 0 files in /opt/airflow/dags
[2023-03-22 15:49:23,298] {manager.py:684} INFO - Searching for files in /opt/airflow/dags
[2023-03-22 15:49:23,326] {manager.py:687} INFO - There are 0 files in /opt/airflow/dags
[2023-03-22 15:54:24,087] {manager.py:684} INFO - Searching for files in /opt/airflow/dags
[2023-03-22 15:54:24,116] {manager.py:687} INFO - There are 0 files in /opt/airflow/dags
[2023-03-22 15:59:24,891] {manager.py:684} INFO - Searching for files in /opt/airflow/dags
[2023-03-22 15:59:24,908] {manager.py:687} INFO - There are 0 files in /opt/airflow/dags
[2023-03-22 16:04:25,604] {manager.py:684} INFO - Searching for files in /opt/airflow/dags
[2023-03-22 16:04:25,635] {manager.py:687} INFO - There are 0 files in /opt/airflow/dags
[2023-03-22 16:09:26,305] {manager.py:684} INFO - Searching for files in /opt/airflow/dags
[2023-03-22 16:09:26,332] {manager.py:687} INFO - There are 0 files in /opt/airflow/dags
[2023-03-22 16:14:26,992] {manager.py:684} INFO - Searching for files in /opt/airflow/dags
[2023-03-22 16:14:27,013] {manager.py:687} INFO - There are 0 files in /opt/airflow/dags
[2023-03-22 16:19:27,754] {manager.py:684} INFO - Searching for files in /opt/airflow/dags
[2023-03-22 16:19:27,777] {manager.py:687} INFO - There are 0 files in /opt/airflow/dags
[2023-03-22 16:24:27,855] {manager.py:684} INFO - Searching for files in /opt/airflow/dags
[2023-03-22 16:24:27,887] {manager.py:687} INFO - There are 0 files in /opt/airflow/dags
[2023-03-22 16:29:28,624] {manager.py:684} INFO - Searching for files in /opt/airflow/dags
[2023-03-22 16:29:28,652] {manager.py:687} INFO - There are 0 files in /opt/airflow/dags
[2023-03-22 16:34:29,397] {manager.py:684} INFO - Searching for files in /opt/airflow/dags
[2023-03-22 16:34:29,420] {manager.py:687} INFO - There are 0 files in /opt/airflow/dags
[2023-03-22 16:39:30,181] {manager.py:684} INFO - Searching for files in /opt/airflow/dags
[2023-03-22 16:39:30,214] {manager.py:687} INFO - There are 0 files in /opt/airflow/dags
[2023-03-22 16:44:30,894] {manager.py:684} INFO - Searching for files in /opt/airflow/dags
[2023-03-22 16:44:30,916] {manager.py:687} INFO - There are 0 files in /opt/airflow/dags
[2023-03-22 16:49:31,572] {manager.py:684} INFO - Searching for files in /opt/airflow/dags
[2023-03-22 16:49:31,697] {manager.py:687} INFO - There are 0 files in /opt/airflow/dags
[2023-03-22 16:54:32,421] {manager.py:684} INFO - Searching for files in /opt/airflow/dags
[2023-03-22 16:54:32,447] {manager.py:687} INFO - There are 0 files in /opt/airflow/dags
[2023-03-22 16:59:33,163] {manager.py:684} INFO - Searching for files in /opt/airflow/dags
[2023-03-22 16:59:33,184] {manager.py:687} INFO - There are 0 files in /opt/airflow/dags
[2023-03-22 17:04:33,834] {manager.py:684} INFO - Searching for files in /opt/airflow/dags
[2023-03-22 17:04:33,844] {manager.py:687} INFO - There are 0 files in /opt/airflow/dags
[2023-03-22 17:09:34,568] {manager.py:684} INFO - Searching for files in /opt/airflow/dags
[2023-03-22 17:09:34,585] {manager.py:687} INFO - There are 0 files in /opt/airflow/dags
[2023-03-22 17:14:35,271] {manager.py:684} INFO - Searching for files in /opt/airflow/dags
[2023-03-22 17:14:35,280] {manager.py:687} INFO - There are 0 files in /opt/airflow/dags
[2023-03-22 17:19:35,895] {manager.py:684} INFO - Searching for files in /opt/airflow/dags
[2023-03-22 17:19:35,917] {manager.py:687} INFO - There are 0 files in /opt/airflow/dags
[2023-03-22 17:24:36,625] {manager.py:684} INFO - Searching for files in /opt/airflow/dags
[2023-03-22 17:24:36,654] {manager.py:687} INFO - There are 0 files in /opt/airflow/dags
[2023-03-22 17:29:37,393] {manager.py:684} INFO - Searching for files in /opt/airflow/dags
[2023-03-22 17:29:37,417] {manager.py:687} INFO - There are 0 files in /opt/airflow/dags
[2023-03-22 17:34:38,009] {manager.py:684} INFO - Searching for files in /opt/airflow/dags
[2023-03-22 17:34:38,022] {manager.py:687} INFO - There are 0 files in /opt/airflow/dags
[2023-03-22 17:39:38,700] {manager.py:684} INFO - Searching for files in /opt/airflow/dags
[2023-03-22 17:39:38,713] {manager.py:687} INFO - There are 0 files in /opt/airflow/dags
[2023-03-22 17:45:37,870] {manager.py:684} INFO - Searching for files in /opt/airflow/dags
[2023-03-22 17:45:37,950] {manager.py:687} INFO - There are 0 files in /opt/airflow/dags
[2023-03-22 17:51:36,506] {manager.py:684} INFO - Searching for files in /opt/airflow/dags
[2023-03-22 17:51:36,522] {manager.py:687} INFO - There are 0 files in /opt/airflow/dags
[2023-03-22 17:57:34,791] {manager.py:684} INFO - Searching for files in /opt/airflow/dags
[2023-03-22 17:57:34,807] {manager.py:687} INFO - There are 0 files in /opt/airflow/dags
[2023-03-22 18:03:04,070] {manager.py:684} INFO - Searching for files in /opt/airflow/dags
[2023-03-22 18:03:04,096] {manager.py:687} INFO - There are 0 files in /opt/airflow/dags
[2023-03-22 18:09:32,242] {manager.py:684} INFO - Searching for files in /opt/airflow/dags
[2023-03-22 18:09:32,252] {manager.py:687} INFO - There are 0 files in /opt/airflow/dags
[2023-03-22 18:14:32,446] {manager.py:684} INFO - Searching for files in /opt/airflow/dags
[2023-03-22 18:14:32,478] {manager.py:687} INFO - There are 0 files in /opt/airflow/dags
[2023-03-22 18:19:33,121] {manager.py:684} INFO - Searching for files in /opt/airflow/dags
[2023-03-22 18:19:33,143] {manager.py:687} INFO - There are 0 files in /opt/airflow/dags
[2023-03-22 18:24:33,936] {manager.py:684} INFO - Searching for files in /opt/airflow/dags
[2023-03-22 18:24:33,962] {manager.py:687} INFO - There are 0 files in /opt/airflow/dags
[2023-03-22 18:29:34,676] {manager.py:684} INFO - Searching for files in /opt/airflow/dags
[2023-03-22 18:29:34,696] {manager.py:687} INFO - There are 0 files in /opt/airflow/dags
[2023-03-22 18:34:35,392] {manager.py:684} INFO - Searching for files in /opt/airflow/dags
[2023-03-22 18:34:35,418] {manager.py:687} INFO - There are 0 files in /opt/airflow/dags
[2023-03-22 18:39:36,144] {manager.py:684} INFO - Searching for files in /opt/airflow/dags
[2023-03-22 18:39:36,166] {manager.py:687} INFO - There are 0 files in /opt/airflow/dags
[2023-03-22 18:44:36,899] {manager.py:684} INFO - Searching for files in /opt/airflow/dags
[2023-03-22 18:44:36,925] {manager.py:687} INFO - There are 0 files in /opt/airflow/dags
[2023-03-22 18:49:37,568] {manager.py:684} INFO - Searching for files in /opt/airflow/dags
[2023-03-22 18:49:37,586] {manager.py:687} INFO - There are 0 files in /opt/airflow/dags
[2023-03-22 18:54:38,224] {manager.py:684} INFO - Searching for files in /opt/airflow/dags
[2023-03-22 18:54:38,251] {manager.py:687} INFO - There are 0 files in /opt/airflow/dags
[2023-03-22 18:59:38,833] {manager.py:684} INFO - Searching for files in /opt/airflow/dags
[2023-03-22 18:59:38,848] {manager.py:687} INFO - There are 0 files in /opt/airflow/dags
[2023-03-22 19:04:39,448] {manager.py:684} INFO - Searching for files in /opt/airflow/dags
[2023-03-22 19:04:39,453] {manager.py:687} INFO - There are 0 files in /opt/airflow/dags
[2023-03-22 19:09:40,071] {manager.py:684} INFO - Searching for files in /opt/airflow/dags
[2023-03-22 19:09:40,088] {manager.py:687} INFO - There are 0 files in /opt/airflow/dags
[2023-03-22 19:14:40,909] {manager.py:684} INFO - Searching for files in /opt/airflow/dags
[2023-03-22 19:14:40,940] {manager.py:687} INFO - There are 0 files in /opt/airflow/dags
[2023-03-22 19:19:41,888] {manager.py:684} INFO - Searching for files in /opt/airflow/dags
[2023-03-22 19:19:41,911] {manager.py:687} INFO - There are 0 files in /opt/airflow/dags
[2023-03-22 19:24:42,544] {manager.py:684} INFO - Searching for files in /opt/airflow/dags
[2023-03-22 19:24:42,567] {manager.py:687} INFO - There are 0 files in /opt/airflow/dags
[2023-03-22 19:29:43,272] {manager.py:684} INFO - Searching for files in /opt/airflow/dags
[2023-03-22 19:29:43,286] {manager.py:687} INFO - There are 0 files in /opt/airflow/dags
[2023-03-22 19:34:44,011] {manager.py:684} INFO - Searching for files in /opt/airflow/dags
[2023-03-22 19:34:44,042] {manager.py:687} INFO - There are 0 files in /opt/airflow/dags
[2023-03-22 19:39:44,651] {manager.py:684} INFO - Searching for files in /opt/airflow/dags
[2023-03-22 19:39:44,675] {manager.py:687} INFO - There are 0 files in /opt/airflow/dags
[2023-03-22 19:44:45,344] {manager.py:684} INFO - Searching for files in /opt/airflow/dags
[2023-03-22 19:44:45,355] {manager.py:687} INFO - There are 0 files in /opt/airflow/dags
[2023-03-22 19:49:46,017] {manager.py:684} INFO - Searching for files in /opt/airflow/dags
[2023-03-22 19:49:46,034] {manager.py:687} INFO - There are 0 files in /opt/airflow/dags
[2023-03-22 19:54:46,654] {manager.py:684} INFO - Searching for files in /opt/airflow/dags
[2023-03-22 19:54:46,684] {manager.py:687} INFO - There are 0 files in /opt/airflow/dags
[2023-03-22 19:59:47,310] {manager.py:684} INFO - Searching for files in /opt/airflow/dags
[2023-03-22 19:59:47,328] {manager.py:687} INFO - There are 0 files in /opt/airflow/dags
[2023-03-22 20:04:48,001] {manager.py:684} INFO - Searching for files in /opt/airflow/dags
[2023-03-22 20:04:48,017] {manager.py:687} INFO - There are 0 files in /opt/airflow/dags
[2023-03-22 20:09:48,623] {manager.py:684} INFO - Searching for files in /opt/airflow/dags
[2023-03-22 20:09:48,635] {manager.py:687} INFO - There are 0 files in /opt/airflow/dags
[2023-03-22 20:14:49,338] {manager.py:684} INFO - Searching for files in /opt/airflow/dags
[2023-03-22 20:14:49,367] {manager.py:687} INFO - There are 0 files in /opt/airflow/dags
[2023-03-22 20:19:49,985] {manager.py:684} INFO - Searching for files in /opt/airflow/dags
[2023-03-22 20:19:50,015] {manager.py:687} INFO - There are 0 files in /opt/airflow/dags
[2023-03-22 20:24:50,667] {manager.py:684} INFO - Searching for files in /opt/airflow/dags
[2023-03-22 20:24:50,688] {manager.py:687} INFO - There are 0 files in /opt/airflow/dags
[2023-03-22 20:29:51,329] {manager.py:684} INFO - Searching for files in /opt/airflow/dags
[2023-03-22 20:29:51,351] {manager.py:687} INFO - There are 0 files in /opt/airflow/dags
[2023-03-22 20:34:52,128] {manager.py:684} INFO - Searching for files in /opt/airflow/dags
[2023-03-22 20:34:52,146] {manager.py:687} INFO - There are 0 files in /opt/airflow/dags
[2023-03-22 20:39:52,764] {manager.py:684} INFO - Searching for files in /opt/airflow/dags
[2023-03-22 20:39:52,775] {manager.py:687} INFO - There are 0 files in /opt/airflow/dags
[2023-03-22 20:44:53,550] {manager.py:684} INFO - Searching for files in /opt/airflow/dags
[2023-03-22 20:44:53,576] {manager.py:687} INFO - There are 0 files in /opt/airflow/dags
[2023-03-22 20:49:53,633] {manager.py:684} INFO - Searching for files in /opt/airflow/dags
[2023-03-22 20:49:53,664] {manager.py:687} INFO - There are 0 files in /opt/airflow/dags
[2023-03-22 20:54:53,910] {manager.py:684} INFO - Searching for files in /opt/airflow/dags
[2023-03-22 20:54:53,942] {manager.py:687} INFO - There are 0 files in /opt/airflow/dags
[2023-03-22 20:59:54,098] {manager.py:684} INFO - Searching for files in /opt/airflow/dags
[2023-03-22 20:59:54,110] {manager.py:687} INFO - There are 0 files in /opt/airflow/dags
[2023-03-22 21:04:54,299] {manager.py:684} INFO - Searching for files in /opt/airflow/dags
[2023-03-22 21:04:54,327] {manager.py:687} INFO - There are 0 files in /opt/airflow/dags
[2023-03-22 21:09:55,113] {manager.py:684} INFO - Searching for files in /opt/airflow/dags
[2023-03-22 21:09:55,142] {manager.py:687} INFO - There are 0 files in /opt/airflow/dags
[2023-03-22 21:14:55,901] {manager.py:684} INFO - Searching for files in /opt/airflow/dags
[2023-03-22 21:14:55,929] {manager.py:687} INFO - There are 0 files in /opt/airflow/dags
[2023-03-22 21:19:56,604] {manager.py:684} INFO - Searching for files in /opt/airflow/dags
[2023-03-22 21:19:56,637] {manager.py:687} INFO - There are 0 files in /opt/airflow/dags
[2023-03-22 21:24:57,390] {manager.py:684} INFO - Searching for files in /opt/airflow/dags
[2023-03-22 21:24:57,419] {manager.py:687} INFO - There are 0 files in /opt/airflow/dags
[2023-03-22 21:29:58,092] {manager.py:684} INFO - Searching for files in /opt/airflow/dags
[2023-03-22 21:29:58,112] {manager.py:687} INFO - There are 0 files in /opt/airflow/dags
[2023-03-22 21:34:58,261] {manager.py:684} INFO - Searching for files in /opt/airflow/dags
[2023-03-22 21:34:58,282] {manager.py:687} INFO - There are 0 files in /opt/airflow/dags
[2023-03-22 21:39:59,225] {manager.py:684} INFO - Searching for files in /opt/airflow/dags
[2023-03-22 21:39:59,237] {manager.py:687} INFO - There are 0 files in /opt/airflow/dags
[2023-03-22 21:45:00,042] {manager.py:684} INFO - Searching for files in /opt/airflow/dags
[2023-03-22 21:45:00,070] {manager.py:687} INFO - There are 0 files in /opt/airflow/dags
[2023-03-22 21:50:00,802] {manager.py:684} INFO - Searching for files in /opt/airflow/dags
[2023-03-22 21:50:00,819] {manager.py:687} INFO - There are 0 files in /opt/airflow/dags
[2023-03-22 21:55:00,964] {manager.py:684} INFO - Searching for files in /opt/airflow/dags
[2023-03-22 21:55:00,992] {manager.py:687} INFO - There are 0 files in /opt/airflow/dags
[2023-03-22 22:00:01,279] {manager.py:684} INFO - Searching for files in /opt/airflow/dags
[2023-03-22 22:00:01,300] {manager.py:687} INFO - There are 0 files in /opt/airflow/dags
[2023-03-22 22:05:01,551] {manager.py:684} INFO - Searching for files in /opt/airflow/dags
[2023-03-22 22:05:01,581] {manager.py:687} INFO - There are 0 files in /opt/airflow/dags
[2023-03-22 22:10:02,245] {manager.py:684} INFO - Searching for files in /opt/airflow/dags
[2023-03-22 22:10:02,266] {manager.py:687} INFO - There are 0 files in /opt/airflow/dags
[2023-03-22 22:15:03,138] {manager.py:684} INFO - Searching for files in /opt/airflow/dags
[2023-03-22 22:15:03,266] {manager.py:687} INFO - There are 0 files in /opt/airflow/dags
[2023-03-22 22:20:04,015] {manager.py:684} INFO - Searching for files in /opt/airflow/dags
[2023-03-22 22:20:04,041] {manager.py:687} INFO - There are 0 files in /opt/airflow/dags
[2023-03-22 22:25:04,726] {manager.py:684} INFO - Searching for files in /opt/airflow/dags
[2023-03-22 22:25:04,753] {manager.py:687} INFO - There are 0 files in /opt/airflow/dags
[2023-03-22 22:30:05,534] {manager.py:684} INFO - Searching for files in /opt/airflow/dags
[2023-03-22 22:30:05,560] {manager.py:687} INFO - There are 0 files in /opt/airflow/dags
[2023-03-22 22:35:06,109] {manager.py:684} INFO - Searching for files in /opt/airflow/dags
[2023-03-22 22:35:06,131] {manager.py:687} INFO - There are 0 files in /opt/airflow/dags
[2023-03-22 22:40:06,677] {manager.py:684} INFO - Searching for files in /opt/airflow/dags
[2023-03-22 22:40:06,700] {manager.py:687} INFO - There are 0 files in /opt/airflow/dags
[2023-03-22 22:45:07,228] {manager.py:684} INFO - Searching for files in /opt/airflow/dags
[2023-03-22 22:45:07,313] {manager.py:687} INFO - There are 0 files in /opt/airflow/dags
[2023-03-22 22:50:07,737] {manager.py:684} INFO - Searching for files in /opt/airflow/dags
[2023-03-22 22:50:07,757] {manager.py:687} INFO - There are 0 files in /opt/airflow/dags
[2023-03-22 22:55:08,145] {manager.py:684} INFO - Searching for files in /opt/airflow/dags
[2023-03-22 22:55:08,158] {manager.py:687} INFO - There are 0 files in /opt/airflow/dags
[2023-03-22 23:00:08,710] {manager.py:684} INFO - Searching for files in /opt/airflow/dags
[2023-03-22 23:00:08,729] {manager.py:687} INFO - There are 0 files in /opt/airflow/dags
[2023-03-22 23:05:09,379] {manager.py:684} INFO - Searching for files in /opt/airflow/dags
[2023-03-22 23:05:09,391] {manager.py:687} INFO - There are 0 files in /opt/airflow/dags
[2023-03-22 23:40:11,240] {manager.py:684} INFO - Searching for files in /opt/airflow/dags
[2023-03-22 23:40:11,283] {manager.py:687} INFO - There are 0 files in /opt/airflow/dags
[2023-03-23 00:44:31,754] {manager.py:684} INFO - Searching for files in /opt/airflow/dags
[2023-03-23 00:44:31,764] {manager.py:687} INFO - There are 0 files in /opt/airflow/dags
[2023-03-23 01:52:27,289] {manager.py:684} INFO - Searching for files in /opt/airflow/dags
[2023-03-23 01:52:27,323] {manager.py:687} INFO - There are 0 files in /opt/airflow/dags
[2023-03-23 02:59:57,280] {manager.py:684} INFO - Searching for files in /opt/airflow/dags
[2023-03-23 02:59:57,290] {manager.py:687} INFO - There are 0 files in /opt/airflow/dags
[2023-03-23 04:03:19,194] {manager.py:684} INFO - Searching for files in /opt/airflow/dags
[2023-03-23 04:03:19,199] {manager.py:687} INFO - There are 0 files in /opt/airflow/dags
[2023-03-23 04:50:06,967] {manager.py:684} INFO - Searching for files in /opt/airflow/dags
[2023-03-23 04:50:06,990] {manager.py:687} INFO - There are 0 files in /opt/airflow/dags
[2023-03-23 05:25:07,799] {manager.py:684} INFO - Searching for files in /opt/airflow/dags
[2023-03-23 05:25:07,818] {manager.py:687} INFO - There are 0 files in /opt/airflow/dags
[2023-03-23 05:35:40,988] {manager.py:684} INFO - Searching for files in /opt/airflow/dags
[2023-03-23 05:35:41,004] {manager.py:687} INFO - There are 0 files in /opt/airflow/dags
[2023-03-23 06:02:22,388] {manager.py:684} INFO - Searching for files in /opt/airflow/dags
[2023-03-23 06:02:22,410] {manager.py:687} INFO - There are 0 files in /opt/airflow/dags
[2023-03-23 06:21:54,960] {manager.py:684} INFO - Searching for files in /opt/airflow/dags
[2023-03-23 06:21:54,974] {manager.py:687} INFO - There are 0 files in /opt/airflow/dags
[2023-03-23 06:37:52,818] {manager.py:684} INFO - Searching for files in /opt/airflow/dags
[2023-03-23 06:37:52,840] {manager.py:687} INFO - There are 0 files in /opt/airflow/dags
[2023-03-23 07:12:41,039] {manager.py:684} INFO - Searching for files in /opt/airflow/dags
[2023-03-23 07:12:41,095] {manager.py:687} INFO - There are 0 files in /opt/airflow/dags
[2023-03-23 08:03:51,510] {manager.py:684} INFO - Searching for files in /opt/airflow/dags
[2023-03-23 08:03:51,548] {manager.py:687} INFO - There are 0 files in /opt/airflow/dags
[2023-03-23 09:11:57,484] {manager.py:684} INFO - Searching for files in /opt/airflow/dags
[2023-03-23 09:11:57,500] {manager.py:687} INFO - There are 0 files in /opt/airflow/dags
[2023-03-23 10:34:09,142] {manager.py:684} INFO - Searching for files in /opt/airflow/dags
[2023-03-23 10:34:09,168] {manager.py:687} INFO - There are 0 files in /opt/airflow/dags
[2023-03-23 11:43:45,429] {manager.py:684} INFO - Searching for files in /opt/airflow/dags
[2023-03-23 11:43:45,457] {manager.py:687} INFO - There are 0 files in /opt/airflow/dags
[2023-03-23 12:32:51,029] {manager.py:684} INFO - Searching for files in /opt/airflow/dags
[2023-03-23 12:32:51,038] {manager.py:687} INFO - There are 0 files in /opt/airflow/dags
[2023-03-23 13:31:39,336] {manager.py:684} INFO - Searching for files in /opt/airflow/dags
[2023-03-23 13:31:39,371] {manager.py:687} INFO - There are 0 files in /opt/airflow/dags
[2023-03-23 13:36:40,107] {manager.py:684} INFO - Searching for files in /opt/airflow/dags
[2023-03-23 13:36:40,135] {manager.py:687} INFO - There are 0 files in /opt/airflow/dags
[2023-03-23 13:39:11,448] {manager.py:455} INFO - Exiting gracefully upon receiving signal 15
